android/app/build/intermediates/manifest_merge_blame_file/debug/processDebugMainManifest/manifest-merger-blame-debug-report.txt
1<?xml version="1.0" encoding="utf-8"?>
2<manifest xmlns:android="http://schemas.android.com/apk/res/android"
3    package="com.example.questapp"
4    android:versionCode="1"
5    android:versionName="1.0" >
6
7    <uses-sdk
8        android:minSdkVersion="29"
9        android:targetSdkVersion="35" />
10
11    <uses-permission android:name="android.permission.INTERNET" />
11-->src/main/AndroidManifest.xml:5:5-67
11-->src/main/AndroidManifest.xml:5:22-64
12    <uses-permission android:name="org.khronos.openxr.permission.OPENXR" />
12-->src/main/AndroidManifest.xml:6:5-76
12-->src/main/AndroidManifest.xml:6:22-73
13    <uses-permission android:name="org.khronos.openxr.permission.OPENXR_SYSTEM" />
13-->src/main/AndroidManifest.xml:7:5-83
13-->src/main/AndroidManifest.xml:7:22-80
14
15    <uses-feature
15-->src/main/AndroidManifest.xml:8:5-93
16        android:name="android.hardware.vr.headtracking"
16-->src/main/AndroidManifest.xml:8:19-66
17        android:required="true" />
17-->src/main/AndroidManifest.xml:8:67-90
18
19    <queries>
19-->[org.khronos.openxr:openxr_loader_for_android:1.1.60] AndroidManifest.xml:16:3-27:13
20
21        <!-- to talk to the broker -->
22        <provider android:authorities="org.khronos.openxr.runtime_broker;org.khronos.openxr.system_runtime_broker" />
22-->[org.khronos.openxr:openxr_loader_for_android:1.1.60] AndroidManifest.xml:18:5-114
22-->[org.khronos.openxr:openxr_loader_for_android:1.1.60] AndroidManifest.xml:18:15-111
23
24        <!-- so client-side code of runtime/layers can talk to their service sides -->
25        <intent>
25-->[org.khronos.openxr:openxr_loader_for_android:1.1.60] AndroidManifest.xml:21:5-23:14
26            <action android:name="org.khronos.openxr.OpenXRRuntimeService" />
26-->[org.khronos.openxr:openxr_loader_for_android:1.1.60] AndroidManifest.xml:22:7-72
26-->[org.khronos.openxr:openxr_loader_for_android:1.1.60] AndroidManifest.xml:22:15-69
27        </intent>
28        <intent>
28-->[org.khronos.openxr:openxr_loader_for_android:1.1.60] AndroidManifest.xml:24:5-26:14
29            <action android:name="org.khronos.openxr.OpenXRApiLayerService" />
29-->[org.khronos.openxr:openxr_loader_for_android:1.1.60] AndroidManifest.xml:25:7-73
29-->[org.khronos.openxr:openxr_loader_for_android:1.1.60] AndroidManifest.xml:25:15-70
30        </intent>
31    </queries>
32
33    <application
33-->src/main/AndroidManifest.xml:10:5-38:19
34        android:debuggable="true"
35        android:extractNativeLibs="false"
36        android:hasCode="false"
36-->src/main/AndroidManifest.xml:12:9-32
37        android:label="QuestApp" >
37-->src/main/AndroidManifest.xml:11:9-33
38        <meta-data
38-->src/main/AndroidManifest.xml:14:9-16:60
39            android:name="com.oculus.supportedDevices"
39-->src/main/AndroidManifest.xml:15:13-55
40            android:value="quest|quest2|questpro|quest3" />
40-->src/main/AndroidManifest.xml:16:13-57
41
42        <activity
42-->src/main/AndroidManifest.xml:18:9-37:20
43            android:name="android.app.NativeActivity"
43-->src/main/AndroidManifest.xml:19:13-54
44            android:configChanges="density|keyboard|keyboardHidden|navigation|orientation|screenLayout|screenSize|uiMode"
44-->src/main/AndroidManifest.xml:22:13-122
45            android:exported="true"
45-->src/main/AndroidManifest.xml:20:13-36
46            android:screenOrientation="landscape" >
46-->src/main/AndroidManifest.xml:21:13-50
47            <meta-data
47-->src/main/AndroidManifest.xml:24:13-26:45
48                android:name="android.app.lib_name"
48-->src/main/AndroidManifest.xml:25:17-52
49                android:value="quest_app" />
49-->src/main/AndroidManifest.xml:26:17-42
50            <meta-data
50-->src/main/AndroidManifest.xml:28:13-30:40
51                android:name="com.oculus.vr.focusaware"
51-->src/main/AndroidManifest.xml:29:17-56
52                android:value="true" />
52-->src/main/AndroidManifest.xml:30:17-37
53
54            <intent-filter>
54-->src/main/AndroidManifest.xml:32:13-36:29
55                <action android:name="android.intent.action.MAIN" />
55-->src/main/AndroidManifest.xml:33:17-69
55-->src/main/AndroidManifest.xml:33:25-66
56
57                <category android:name="android.intent.category.LAUNCHER" />
57-->src/main/AndroidManifest.xml:34:17-77
57-->src/main/AndroidManifest.xml:34:27-74
58                <category android:name="com.oculus.intent.category.VR" />
58-->src/main/AndroidManifest.xml:35:17-74
58-->src/main/AndroidManifest.xml:35:27-71
59            </intent-filter>
60        </activity>
61    </application>
62
63</manifest>